2019-09-30 09:07:37.4580|INFO|Microsoft.EntityFrameworkCore.Database.Command|Executed DbCommand (1ms) [Parameters=[], CommandType='Text', CommandTimeout='30']
SELECT CASE
    WHEN EXISTS (
        SELECT 1
        FROM [Cities] AS [c])
    THEN CAST(1 AS BIT) ELSE CAST(0 AS BIT)
END
2019-09-30 09:07:40.1079|INFO|Microsoft.AspNetCore.Hosting.Internal.WebHost|Request starting HTTP/1.1 GET http://localhost:5000/  
2019-09-30 09:07:40.7166|INFO|Microsoft.AspNetCore.Hosting.Internal.WebHost|Request finished in 726.2763ms 404 text/plain
2019-09-30 09:07:40.7780|INFO|Microsoft.AspNetCore.Hosting.Internal.WebHost|Request starting HTTP/1.1 GET http://localhost:5000/favicon.ico  
2019-09-30 09:07:40.7987|INFO|Microsoft.AspNetCore.Hosting.Internal.WebHost|Request finished in 9.0938ms 404 text/plain
2019-09-30 09:07:47.1653|INFO|Microsoft.AspNetCore.Hosting.Internal.WebHost|Request starting HTTP/1.1 GET http://localhost:5000/api/cities  
2019-09-30 09:07:47.1787|INFO|Microsoft.AspNetCore.Cors.Infrastructure.CorsService|Policy execution successful.
2019-09-30 09:07:47.3697|INFO|Microsoft.EntityFrameworkCore.Infrastructure|Entity Framework Core 2.0.0-rtm-26452 initialized 'CityInfoContext' using provider 'Microsoft.EntityFrameworkCore.SqlServer' with options: None
2019-09-30 09:07:47.3857|INFO|Microsoft.EntityFrameworkCore.Database.Command|Executed DbCommand (0ms) [Parameters=[], CommandType='Text', CommandTimeout='30']
SELECT OBJECT_ID(N'__EFMigrationsHistory');
2019-09-30 09:07:47.3931|INFO|Microsoft.EntityFrameworkCore.Database.Command|Executed DbCommand (0ms) [Parameters=[], CommandType='Text', CommandTimeout='30']
SELECT OBJECT_ID(N'__EFMigrationsHistory');
2019-09-30 09:07:47.3931|INFO|Microsoft.EntityFrameworkCore.Database.Command|Executed DbCommand (0ms) [Parameters=[], CommandType='Text', CommandTimeout='30']
SELECT [MigrationId], [ProductVersion]
FROM [__EFMigrationsHistory]
ORDER BY [MigrationId];
2019-09-30 09:07:47.4113|INFO|Microsoft.EntityFrameworkCore.Migrations|No migrations were applied. The database is already up to date.
2019-09-30 09:07:47.4597|INFO|Microsoft.AspNetCore.Mvc.Internal.ControllerActionInvoker|Executing action method CityInfo.API.Controllers.CitiesController.GetCities (CityInfo.API) with arguments ((null)) - ModelState is Valid
2019-09-30 09:07:47.5925|INFO|Microsoft.EntityFrameworkCore.Database.Command|Executed DbCommand (0ms) [Parameters=[], CommandType='Text', CommandTimeout='30']
SELECT [c].[Id], [c].[Description], [c].[Name]
FROM [Cities] AS [c]
ORDER BY [c].[Name]
2019-09-30 09:07:47.6928|INFO|Microsoft.AspNetCore.Mvc.Internal.ObjectResultExecutor|Executing ObjectResult, writing value Microsoft.AspNetCore.Mvc.ControllerContext.
2019-09-30 09:07:47.8783|INFO|Microsoft.AspNetCore.Mvc.Internal.ControllerActionInvoker|Executed action CityInfo.API.Controllers.CitiesController.GetCities (CityInfo.API) in 527.7201ms
2019-09-30 09:07:47.8783|INFO|Microsoft.AspNetCore.Hosting.Internal.WebHost|Request finished in 721.1261ms 200 application/json; charset=utf-8
2019-09-30 09:07:51.0121|INFO|Microsoft.AspNetCore.Hosting.Internal.WebHost|Request starting HTTP/1.1 GET http://localhost:5000/api/cities/1/pointsofinterest  
2019-09-30 09:07:51.0215|INFO|Microsoft.AspNetCore.Cors.Infrastructure.CorsService|Policy execution successful.
2019-09-30 09:07:51.0596|INFO|Microsoft.EntityFrameworkCore.Infrastructure|Entity Framework Core 2.0.0-rtm-26452 initialized 'CityInfoContext' using provider 'Microsoft.EntityFrameworkCore.SqlServer' with options: None
2019-09-30 09:07:51.0673|INFO|Microsoft.EntityFrameworkCore.Database.Command|Executed DbCommand (0ms) [Parameters=[], CommandType='Text', CommandTimeout='30']
SELECT OBJECT_ID(N'__EFMigrationsHistory');
2019-09-30 09:07:51.0673|INFO|Microsoft.EntityFrameworkCore.Database.Command|Executed DbCommand (0ms) [Parameters=[], CommandType='Text', CommandTimeout='30']
SELECT OBJECT_ID(N'__EFMigrationsHistory');
2019-09-30 09:07:51.0842|INFO|Microsoft.EntityFrameworkCore.Database.Command|Executed DbCommand (0ms) [Parameters=[], CommandType='Text', CommandTimeout='30']
SELECT [MigrationId], [ProductVersion]
FROM [__EFMigrationsHistory]
ORDER BY [MigrationId];
2019-09-30 09:07:51.0842|INFO|Microsoft.EntityFrameworkCore.Migrations|No migrations were applied. The database is already up to date.
2019-09-30 09:07:51.1541|INFO|Microsoft.AspNetCore.Mvc.Internal.ControllerActionInvoker|Executing action method CityInfo.API.Controllers.PointsOfInterestController.GetPointsOfInterest (CityInfo.API) with arguments (1) - ModelState is Valid
2019-09-30 09:07:51.2442|INFO|Microsoft.EntityFrameworkCore.Database.Command|Executed DbCommand (44ms) [Parameters=[@__cityId_0='?'], CommandType='Text', CommandTimeout='30']
SELECT CASE
    WHEN EXISTS (
        SELECT 1
        FROM [Cities] AS [c]
        WHERE [c].[Id] = @__cityId_0)
    THEN CAST(1 AS BIT) ELSE CAST(0 AS BIT)
END
2019-09-30 09:07:51.2690|INFO|Microsoft.EntityFrameworkCore.Database.Command|Executed DbCommand (2ms) [Parameters=[@__cityId_0='?'], CommandType='Text', CommandTimeout='30']
SELECT [p].[Id], [p].[CityId], [p].[Description], [p].[Name]
FROM [PointsOfInterest] AS [p]
WHERE [p].[CityId] = @__cityId_0
2019-09-30 09:07:51.2908|INFO|Microsoft.AspNetCore.Mvc.Internal.ObjectResultExecutor|Executing ObjectResult, writing value Microsoft.AspNetCore.Mvc.ControllerContext.
2019-09-30 09:07:51.3011|INFO|Microsoft.AspNetCore.Mvc.Internal.ControllerActionInvoker|Executed action CityInfo.API.Controllers.PointsOfInterestController.GetPointsOfInterest (CityInfo.API) in 241.4589ms
2019-09-30 09:07:51.3097|INFO|Microsoft.AspNetCore.Hosting.Internal.WebHost|Request finished in 296.8658ms 200 application/json; charset=utf-8
2019-09-30 09:08:55.5864|INFO|Microsoft.AspNetCore.Hosting.Internal.WebHost|Request starting HTTP/1.1 GET http://localhost:5000/api/cities  
2019-09-30 09:08:55.5983|INFO|Microsoft.AspNetCore.Cors.Infrastructure.CorsService|Policy execution successful.
2019-09-30 09:08:55.6306|INFO|Microsoft.EntityFrameworkCore.Infrastructure|Entity Framework Core 2.0.0-rtm-26452 initialized 'CityInfoContext' using provider 'Microsoft.EntityFrameworkCore.SqlServer' with options: None
2019-09-30 09:08:55.6419|INFO|Microsoft.EntityFrameworkCore.Database.Command|Executed DbCommand (0ms) [Parameters=[], CommandType='Text', CommandTimeout='30']
SELECT OBJECT_ID(N'__EFMigrationsHistory');
2019-09-30 09:08:55.6419|INFO|Microsoft.EntityFrameworkCore.Database.Command|Executed DbCommand (0ms) [Parameters=[], CommandType='Text', CommandTimeout='30']
SELECT OBJECT_ID(N'__EFMigrationsHistory');
2019-09-30 09:08:55.6626|INFO|Microsoft.EntityFrameworkCore.Database.Command|Executed DbCommand (0ms) [Parameters=[], CommandType='Text', CommandTimeout='30']
SELECT [MigrationId], [ProductVersion]
FROM [__EFMigrationsHistory]
ORDER BY [MigrationId];
2019-09-30 09:08:55.6731|INFO|Microsoft.EntityFrameworkCore.Migrations|No migrations were applied. The database is already up to date.
2019-09-30 09:08:55.6731|INFO|Microsoft.AspNetCore.Mvc.Internal.ControllerActionInvoker|Executing action method CityInfo.API.Controllers.CitiesController.GetCities (CityInfo.API) with arguments ((null)) - ModelState is Valid
2019-09-30 09:08:55.6966|INFO|Microsoft.EntityFrameworkCore.Database.Command|Executed DbCommand (0ms) [Parameters=[], CommandType='Text', CommandTimeout='30']
SELECT [c].[Id], [c].[Description], [c].[Name]
FROM [Cities] AS [c]
ORDER BY [c].[Name]
2019-09-30 09:08:55.7033|INFO|Microsoft.AspNetCore.Mvc.Internal.ObjectResultExecutor|Executing ObjectResult, writing value Microsoft.AspNetCore.Mvc.ControllerContext.
2019-09-30 09:08:55.7033|INFO|Microsoft.AspNetCore.Mvc.Internal.ControllerActionInvoker|Executed action CityInfo.API.Controllers.CitiesController.GetCities (CityInfo.API) in 80.3098ms
2019-09-30 09:08:55.7033|INFO|Microsoft.AspNetCore.Hosting.Internal.WebHost|Request finished in 132.0617ms 200 application/json; charset=utf-8
2019-09-30 09:09:16.2780|INFO|Microsoft.AspNetCore.Hosting.Internal.WebHost|Request starting HTTP/1.1 GET http://localhost:5000/api/cities  
2019-09-30 09:09:16.2881|INFO|Microsoft.AspNetCore.Cors.Infrastructure.CorsService|Policy execution successful.
2019-09-30 09:09:16.3822|INFO|Microsoft.EntityFrameworkCore.Infrastructure|Entity Framework Core 2.0.0-rtm-26452 initialized 'CityInfoContext' using provider 'Microsoft.EntityFrameworkCore.SqlServer' with options: None
2019-09-30 09:09:16.4037|INFO|Microsoft.EntityFrameworkCore.Database.Command|Executed DbCommand (1ms) [Parameters=[], CommandType='Text', CommandTimeout='30']
SELECT OBJECT_ID(N'__EFMigrationsHistory');
2019-09-30 09:09:16.4136|INFO|Microsoft.EntityFrameworkCore.Database.Command|Executed DbCommand (1ms) [Parameters=[], CommandType='Text', CommandTimeout='30']
SELECT OBJECT_ID(N'__EFMigrationsHistory');
2019-09-30 09:09:16.4251|INFO|Microsoft.EntityFrameworkCore.Database.Command|Executed DbCommand (0ms) [Parameters=[], CommandType='Text', CommandTimeout='30']
SELECT [MigrationId], [ProductVersion]
FROM [__EFMigrationsHistory]
ORDER BY [MigrationId];
2019-09-30 09:09:16.4251|INFO|Microsoft.EntityFrameworkCore.Migrations|No migrations were applied. The database is already up to date.
2019-09-30 09:09:16.4419|INFO|Microsoft.AspNetCore.Mvc.Internal.ControllerActionInvoker|Executing action method CityInfo.API.Controllers.CitiesController.GetCities (CityInfo.API) with arguments ((null)) - ModelState is Valid
2019-09-30 09:09:16.4419|INFO|Microsoft.EntityFrameworkCore.Database.Command|Executed DbCommand (1ms) [Parameters=[], CommandType='Text', CommandTimeout='30']
SELECT [c].[Id], [c].[Description], [c].[Name]
FROM [Cities] AS [c]
ORDER BY [c].[Name]
2019-09-30 09:09:16.4591|INFO|Microsoft.AspNetCore.Mvc.Internal.ObjectResultExecutor|Executing ObjectResult, writing value Microsoft.AspNetCore.Mvc.ControllerContext.
2019-09-30 09:09:16.4591|INFO|Microsoft.AspNetCore.Mvc.Internal.ControllerActionInvoker|Executed action CityInfo.API.Controllers.CitiesController.GetCities (CityInfo.API) in 117.3477ms
2019-09-30 09:09:16.4732|INFO|Microsoft.AspNetCore.Hosting.Internal.WebHost|Request finished in 196.7239ms 200 application/json; charset=utf-8
2019-09-30 09:09:18.8266|INFO|Microsoft.AspNetCore.Hosting.Internal.WebHost|Request starting HTTP/1.1 GET http://localhost:5000/api/cities/  
2019-09-30 09:09:18.8361|INFO|Microsoft.AspNetCore.Cors.Infrastructure.CorsService|Policy execution successful.
2019-09-30 09:09:18.8361|INFO|Microsoft.EntityFrameworkCore.Infrastructure|Entity Framework Core 2.0.0-rtm-26452 initialized 'CityInfoContext' using provider 'Microsoft.EntityFrameworkCore.SqlServer' with options: None
2019-09-30 09:09:18.8510|INFO|Microsoft.EntityFrameworkCore.Database.Command|Executed DbCommand (0ms) [Parameters=[], CommandType='Text', CommandTimeout='30']
SELECT OBJECT_ID(N'__EFMigrationsHistory');
2019-09-30 09:09:18.8595|INFO|Microsoft.EntityFrameworkCore.Database.Command|Executed DbCommand (0ms) [Parameters=[], CommandType='Text', CommandTimeout='30']
SELECT OBJECT_ID(N'__EFMigrationsHistory');
2019-09-30 09:09:18.8595|INFO|Microsoft.EntityFrameworkCore.Database.Command|Executed DbCommand (0ms) [Parameters=[], CommandType='Text', CommandTimeout='30']
SELECT [MigrationId], [ProductVersion]
FROM [__EFMigrationsHistory]
ORDER BY [MigrationId];
2019-09-30 09:09:18.8755|INFO|Microsoft.EntityFrameworkCore.Migrations|No migrations were applied. The database is already up to date.
2019-09-30 09:09:18.8755|INFO|Microsoft.AspNetCore.Mvc.Internal.ControllerActionInvoker|Executing action method CityInfo.API.Controllers.CitiesController.GetCities (CityInfo.API) with arguments ((null)) - ModelState is Valid
2019-09-30 09:09:18.8945|INFO|Microsoft.EntityFrameworkCore.Database.Command|Executed DbCommand (0ms) [Parameters=[], CommandType='Text', CommandTimeout='30']
SELECT [c].[Id], [c].[Description], [c].[Name]
FROM [Cities] AS [c]
ORDER BY [c].[Name]
2019-09-30 09:09:18.8945|INFO|Microsoft.AspNetCore.Mvc.Internal.ObjectResultExecutor|Executing ObjectResult, writing value Microsoft.AspNetCore.Mvc.ControllerContext.
2019-09-30 09:09:18.9104|INFO|Microsoft.AspNetCore.Mvc.Internal.ControllerActionInvoker|Executed action CityInfo.API.Controllers.CitiesController.GetCities (CityInfo.API) in 67.763ms
2019-09-30 09:09:18.9104|INFO|Microsoft.AspNetCore.Hosting.Internal.WebHost|Request finished in 90.2174ms 200 application/json; charset=utf-8
2019-09-30 09:09:18.9332|INFO|Microsoft.AspNetCore.Hosting.Internal.WebHost|Request starting HTTP/1.1 GET http://localhost:5000/api/cities/  
2019-09-30 09:09:18.9403|INFO|Microsoft.AspNetCore.Cors.Infrastructure.CorsService|Policy execution successful.
2019-09-30 09:09:18.9403|INFO|Microsoft.EntityFrameworkCore.Infrastructure|Entity Framework Core 2.0.0-rtm-26452 initialized 'CityInfoContext' using provider 'Microsoft.EntityFrameworkCore.SqlServer' with options: None
2019-09-30 09:09:18.9554|INFO|Microsoft.EntityFrameworkCore.Database.Command|Executed DbCommand (0ms) [Parameters=[], CommandType='Text', CommandTimeout='30']
SELECT OBJECT_ID(N'__EFMigrationsHistory');
2019-09-30 09:09:18.9554|INFO|Microsoft.EntityFrameworkCore.Database.Command|Executed DbCommand (0ms) [Parameters=[], CommandType='Text', CommandTimeout='30']
SELECT OBJECT_ID(N'__EFMigrationsHistory');
2019-09-30 09:09:18.9728|INFO|Microsoft.EntityFrameworkCore.Database.Command|Executed DbCommand (0ms) [Parameters=[], CommandType='Text', CommandTimeout='30']
SELECT [MigrationId], [ProductVersion]
FROM [__EFMigrationsHistory]
ORDER BY [MigrationId];
2019-09-30 09:09:18.9728|INFO|Microsoft.EntityFrameworkCore.Migrations|No migrations were applied. The database is already up to date.
2019-09-30 09:09:18.9876|INFO|Microsoft.AspNetCore.Mvc.Internal.ControllerActionInvoker|Executing action method CityInfo.API.Controllers.CitiesController.GetCities (CityInfo.API) with arguments ((null)) - ModelState is Valid
2019-09-30 09:09:18.9876|INFO|Microsoft.EntityFrameworkCore.Database.Command|Executed DbCommand (0ms) [Parameters=[], CommandType='Text', CommandTimeout='30']
SELECT [c].[Id], [c].[Description], [c].[Name]
FROM [Cities] AS [c]
ORDER BY [c].[Name]
2019-09-30 09:09:19.0068|INFO|Microsoft.AspNetCore.Mvc.Internal.ObjectResultExecutor|Executing ObjectResult, writing value Microsoft.AspNetCore.Mvc.ControllerContext.
2019-09-30 09:09:19.0164|INFO|Microsoft.AspNetCore.Mvc.Internal.ControllerActionInvoker|Executed action CityInfo.API.Controllers.CitiesController.GetCities (CityInfo.API) in 67.259ms
2019-09-30 09:09:19.0164|INFO|Microsoft.AspNetCore.Hosting.Internal.WebHost|Request finished in 93.7423ms 200 application/json; charset=utf-8
2019-09-30 09:09:32.3200|INFO|Microsoft.AspNetCore.Hosting.Internal.WebHost|Request starting HTTP/1.1 GET http://localhost:5000/api/cities  
2019-09-30 09:09:32.4410|INFO|Microsoft.AspNetCore.Cors.Infrastructure.CorsService|Policy execution successful.
2019-09-30 09:09:32.4774|INFO|Microsoft.EntityFrameworkCore.Infrastructure|Entity Framework Core 2.0.0-rtm-26452 initialized 'CityInfoContext' using provider 'Microsoft.EntityFrameworkCore.SqlServer' with options: None
2019-09-30 09:09:32.5493|INFO|Microsoft.EntityFrameworkCore.Database.Command|Executed DbCommand (20ms) [Parameters=[], CommandType='Text', CommandTimeout='30']
SELECT OBJECT_ID(N'__EFMigrationsHistory');
2019-09-30 09:09:32.5750|INFO|Microsoft.EntityFrameworkCore.Database.Command|Executed DbCommand (4ms) [Parameters=[], CommandType='Text', CommandTimeout='30']
SELECT OBJECT_ID(N'__EFMigrationsHistory');
2019-09-30 09:09:32.5892|INFO|Microsoft.EntityFrameworkCore.Database.Command|Executed DbCommand (0ms) [Parameters=[], CommandType='Text', CommandTimeout='30']
SELECT [MigrationId], [ProductVersion]
FROM [__EFMigrationsHistory]
ORDER BY [MigrationId];
2019-09-30 09:09:32.5970|INFO|Microsoft.EntityFrameworkCore.Migrations|No migrations were applied. The database is already up to date.
2019-09-30 09:09:32.5970|INFO|Microsoft.AspNetCore.Mvc.Internal.ControllerActionInvoker|Executing action method CityInfo.API.Controllers.CitiesController.GetCities (CityInfo.API) with arguments ((null)) - ModelState is Valid
2019-09-30 09:09:32.6094|INFO|Microsoft.EntityFrameworkCore.Database.Command|Executed DbCommand (0ms) [Parameters=[], CommandType='Text', CommandTimeout='30']
SELECT [c].[Id], [c].[Description], [c].[Name]
FROM [Cities] AS [c]
ORDER BY [c].[Name]
2019-09-30 09:09:32.6094|INFO|Microsoft.AspNetCore.Mvc.Internal.ObjectResultExecutor|Executing ObjectResult, writing value Microsoft.AspNetCore.Mvc.ControllerContext.
2019-09-30 09:09:32.6094|INFO|Microsoft.AspNetCore.Mvc.Internal.ControllerActionInvoker|Executed action CityInfo.API.Controllers.CitiesController.GetCities (CityInfo.API) in 173.3862ms
2019-09-30 09:09:32.6289|INFO|Microsoft.AspNetCore.Hosting.Internal.WebHost|Request finished in 446.6093ms 200 application/json; charset=utf-8
2019-09-30 09:09:34.6808|INFO|Microsoft.AspNetCore.Hosting.Internal.WebHost|Request starting HTTP/1.1 GET http://localhost:5000/api/  
2019-09-30 09:09:34.6900|INFO|Microsoft.AspNetCore.Cors.Infrastructure.CorsService|Policy execution successful.
2019-09-30 09:09:34.6900|INFO|Microsoft.AspNetCore.Hosting.Internal.WebHost|Request finished in 15.9835ms 404 text/plain
2019-09-30 09:09:42.0023|INFO|Microsoft.AspNetCore.Hosting.Internal.WebHost|Request starting HTTP/1.1 GET http://localhost:5000/api/  
2019-09-30 09:09:42.0023|INFO|Microsoft.AspNetCore.Cors.Infrastructure.CorsService|Policy execution successful.
2019-09-30 09:09:42.0161|INFO|Microsoft.AspNetCore.Hosting.Internal.WebHost|Request finished in 11.9389ms 404 text/plain
2019-09-30 09:09:42.1304|INFO|Microsoft.AspNetCore.Hosting.Internal.WebHost|Request starting HTTP/1.1 GET http://localhost:5000/api/  
2019-09-30 09:09:42.1304|INFO|Microsoft.AspNetCore.Cors.Infrastructure.CorsService|Policy execution successful.
2019-09-30 09:09:42.1456|INFO|Microsoft.AspNetCore.Hosting.Internal.WebHost|Request finished in 13.9695ms 404 text/plain
2019-09-30 09:09:42.3140|INFO|Microsoft.AspNetCore.Hosting.Internal.WebHost|Request starting HTTP/1.1 GET http://localhost:5000/api/  
2019-09-30 09:09:42.3140|INFO|Microsoft.AspNetCore.Cors.Infrastructure.CorsService|Policy execution successful.
2019-09-30 09:09:42.3318|INFO|Microsoft.AspNetCore.Hosting.Internal.WebHost|Request finished in 15.7157ms 404 text/plain
2019-09-30 09:09:50.7247|INFO|Microsoft.AspNetCore.Hosting.Internal.WebHost|Request starting HTTP/1.1 GET http://localhost:5000/api/cities  
2019-09-30 09:09:50.7939|INFO|Microsoft.AspNetCore.Cors.Infrastructure.CorsService|Policy execution successful.
2019-09-30 09:09:50.8104|INFO|Microsoft.EntityFrameworkCore.Infrastructure|Entity Framework Core 2.0.0-rtm-26452 initialized 'CityInfoContext' using provider 'Microsoft.EntityFrameworkCore.SqlServer' with options: None
2019-09-30 09:09:50.8494|INFO|Microsoft.EntityFrameworkCore.Database.Command|Executed DbCommand (5ms) [Parameters=[], CommandType='Text', CommandTimeout='30']
SELECT OBJECT_ID(N'__EFMigrationsHistory');
2019-09-30 09:09:50.8606|INFO|Microsoft.EntityFrameworkCore.Database.Command|Executed DbCommand (1ms) [Parameters=[], CommandType='Text', CommandTimeout='30']
SELECT OBJECT_ID(N'__EFMigrationsHistory');
2019-09-30 09:09:50.8754|INFO|Microsoft.EntityFrameworkCore.Database.Command|Executed DbCommand (4ms) [Parameters=[], CommandType='Text', CommandTimeout='30']
SELECT [MigrationId], [ProductVersion]
FROM [__EFMigrationsHistory]
ORDER BY [MigrationId];
2019-09-30 09:09:50.8929|INFO|Microsoft.EntityFrameworkCore.Migrations|No migrations were applied. The database is already up to date.
2019-09-30 09:09:50.9113|INFO|Microsoft.AspNetCore.Mvc.Internal.ControllerActionInvoker|Executing action method CityInfo.API.Controllers.CitiesController.GetCities (CityInfo.API) with arguments ((null)) - ModelState is Valid
2019-09-30 09:09:50.9256|INFO|Microsoft.EntityFrameworkCore.Database.Command|Executed DbCommand (1ms) [Parameters=[], CommandType='Text', CommandTimeout='30']
SELECT [c].[Id], [c].[Description], [c].[Name]
FROM [Cities] AS [c]
ORDER BY [c].[Name]
2019-09-30 09:09:50.9392|INFO|Microsoft.AspNetCore.Mvc.Internal.ObjectResultExecutor|Executing ObjectResult, writing value Microsoft.AspNetCore.Mvc.ControllerContext.
2019-09-30 09:09:50.9392|INFO|Microsoft.AspNetCore.Mvc.Internal.ControllerActionInvoker|Executed action CityInfo.API.Controllers.CitiesController.GetCities (CityInfo.API) in 145.3905ms
2019-09-30 09:09:50.9710|INFO|Microsoft.AspNetCore.Hosting.Internal.WebHost|Request finished in 243.7371ms 200 application/json; charset=utf-8
2019-09-30 09:09:55.2134|INFO|Microsoft.AspNetCore.Hosting.Internal.WebHost|Request starting HTTP/1.1 GET http://localhost:5000/api/  
2019-09-30 09:09:55.2213|INFO|Microsoft.AspNetCore.Cors.Infrastructure.CorsService|Policy execution successful.
2019-09-30 09:09:55.2213|INFO|Microsoft.AspNetCore.Hosting.Internal.WebHost|Request finished in 15.1079ms 404 text/plain
2019-09-30 09:10:55.6407|INFO|Microsoft.AspNetCore.Hosting.Internal.WebHost|Request starting HTTP/1.1 GET http://localhost:5000/api/cities  
2019-09-30 09:10:55.6407|INFO|Microsoft.AspNetCore.Cors.Infrastructure.CorsService|Policy execution successful.
2019-09-30 09:10:55.7046|INFO|Microsoft.EntityFrameworkCore.Infrastructure|Entity Framework Core 2.0.0-rtm-26452 initialized 'CityInfoContext' using provider 'Microsoft.EntityFrameworkCore.SqlServer' with options: None
2019-09-30 09:10:55.7046|INFO|Microsoft.EntityFrameworkCore.Database.Command|Executed DbCommand (0ms) [Parameters=[], CommandType='Text', CommandTimeout='30']
SELECT OBJECT_ID(N'__EFMigrationsHistory');
2019-09-30 09:10:55.7207|INFO|Microsoft.EntityFrameworkCore.Database.Command|Executed DbCommand (0ms) [Parameters=[], CommandType='Text', CommandTimeout='30']
SELECT OBJECT_ID(N'__EFMigrationsHistory');
2019-09-30 09:10:55.7207|INFO|Microsoft.EntityFrameworkCore.Database.Command|Executed DbCommand (0ms) [Parameters=[], CommandType='Text', CommandTimeout='30']
SELECT [MigrationId], [ProductVersion]
FROM [__EFMigrationsHistory]
ORDER BY [MigrationId];
2019-09-30 09:10:55.7411|INFO|Microsoft.EntityFrameworkCore.Migrations|No migrations were applied. The database is already up to date.
2019-09-30 09:10:55.7517|INFO|Microsoft.AspNetCore.Mvc.Internal.ControllerActionInvoker|Executing action method CityInfo.API.Controllers.CitiesController.GetCities (CityInfo.API) with arguments ((null)) - ModelState is Valid
2019-09-30 09:10:55.7517|INFO|Microsoft.EntityFrameworkCore.Database.Command|Executed DbCommand (0ms) [Parameters=[], CommandType='Text', CommandTimeout='30']
SELECT [c].[Id], [c].[Description], [c].[Name]
FROM [Cities] AS [c]
ORDER BY [c].[Name]
2019-09-30 09:10:55.7672|INFO|Microsoft.AspNetCore.Mvc.Internal.ObjectResultExecutor|Executing ObjectResult, writing value Microsoft.AspNetCore.Mvc.ControllerContext.
2019-09-30 09:10:55.7672|INFO|Microsoft.AspNetCore.Mvc.Internal.ControllerActionInvoker|Executed action CityInfo.API.Controllers.CitiesController.GetCities (CityInfo.API) in 98.924ms
2019-09-30 09:10:55.7892|INFO|Microsoft.AspNetCore.Hosting.Internal.WebHost|Request finished in 139.862ms 200 application/json; charset=utf-8
2019-09-30 09:11:00.3377|INFO|Microsoft.AspNetCore.Hosting.Internal.WebHost|Request starting HTTP/1.1 GET http://localhost:5000/api/  
2019-09-30 09:11:00.3435|INFO|Microsoft.AspNetCore.Cors.Infrastructure.CorsService|Policy execution successful.
2019-09-30 09:11:00.3435|INFO|Microsoft.AspNetCore.Hosting.Internal.WebHost|Request finished in 20.436ms 404 text/plain
2019-09-30 09:11:20.0258|INFO|Microsoft.AspNetCore.Hosting.Internal.WebHost|Request starting HTTP/1.1 GET http://localhost:5000/api/cities  
2019-09-30 09:11:20.0449|INFO|Microsoft.AspNetCore.Cors.Infrastructure.CorsService|Policy execution successful.
2019-09-30 09:11:20.0624|INFO|Microsoft.EntityFrameworkCore.Infrastructure|Entity Framework Core 2.0.0-rtm-26452 initialized 'CityInfoContext' using provider 'Microsoft.EntityFrameworkCore.SqlServer' with options: None
2019-09-30 09:11:20.0624|INFO|Microsoft.EntityFrameworkCore.Database.Command|Executed DbCommand (0ms) [Parameters=[], CommandType='Text', CommandTimeout='30']
SELECT OBJECT_ID(N'__EFMigrationsHistory');
2019-09-30 09:11:20.0856|INFO|Microsoft.EntityFrameworkCore.Database.Command|Executed DbCommand (0ms) [Parameters=[], CommandType='Text', CommandTimeout='30']
SELECT OBJECT_ID(N'__EFMigrationsHistory');
2019-09-30 09:11:20.0856|INFO|Microsoft.EntityFrameworkCore.Database.Command|Executed DbCommand (0ms) [Parameters=[], CommandType='Text', CommandTimeout='30']
SELECT [MigrationId], [ProductVersion]
FROM [__EFMigrationsHistory]
ORDER BY [MigrationId];
2019-09-30 09:11:20.1024|INFO|Microsoft.EntityFrameworkCore.Migrations|No migrations were applied. The database is already up to date.
2019-09-30 09:11:20.1135|INFO|Microsoft.AspNetCore.Mvc.Internal.ControllerActionInvoker|Executing action method CityInfo.API.Controllers.CitiesController.GetCities (CityInfo.API) with arguments ((null)) - ModelState is Valid
2019-09-30 09:11:20.1135|INFO|Microsoft.EntityFrameworkCore.Database.Command|Executed DbCommand (0ms) [Parameters=[], CommandType='Text', CommandTimeout='30']
SELECT [c].[Id], [c].[Description], [c].[Name]
FROM [Cities] AS [c]
ORDER BY [c].[Name]
2019-09-30 09:11:20.1335|INFO|Microsoft.AspNetCore.Mvc.Internal.ObjectResultExecutor|Executing ObjectResult, writing value Microsoft.AspNetCore.Mvc.ControllerContext.
2019-09-30 09:11:20.1411|INFO|Microsoft.AspNetCore.Mvc.Internal.ControllerActionInvoker|Executed action CityInfo.API.Controllers.CitiesController.GetCities (CityInfo.API) in 78.0011ms
2019-09-30 09:11:20.1617|INFO|Microsoft.AspNetCore.Hosting.Internal.WebHost|Request finished in 146.9838ms 200 application/json; charset=utf-8
2019-09-30 09:11:30.5207|INFO|Microsoft.AspNetCore.Hosting.Internal.WebHost|Request starting HTTP/1.1 GET http://localhost:5000/api/cities  
2019-09-30 09:11:30.5320|INFO|Microsoft.AspNetCore.Cors.Infrastructure.CorsService|Policy execution successful.
2019-09-30 09:11:30.5320|INFO|Microsoft.EntityFrameworkCore.Infrastructure|Entity Framework Core 2.0.0-rtm-26452 initialized 'CityInfoContext' using provider 'Microsoft.EntityFrameworkCore.SqlServer' with options: None
2019-09-30 09:11:30.5627|INFO|Microsoft.EntityFrameworkCore.Database.Command|Executed DbCommand (1ms) [Parameters=[], CommandType='Text', CommandTimeout='30']
SELECT OBJECT_ID(N'__EFMigrationsHistory');
2019-09-30 09:11:30.5627|INFO|Microsoft.EntityFrameworkCore.Database.Command|Executed DbCommand (0ms) [Parameters=[], CommandType='Text', CommandTimeout='30']
SELECT OBJECT_ID(N'__EFMigrationsHistory');
2019-09-30 09:11:30.5836|INFO|Microsoft.EntityFrameworkCore.Database.Command|Executed DbCommand (0ms) [Parameters=[], CommandType='Text', CommandTimeout='30']
SELECT [MigrationId], [ProductVersion]
FROM [__EFMigrationsHistory]
ORDER BY [MigrationId];
2019-09-30 09:11:30.5836|INFO|Microsoft.EntityFrameworkCore.Migrations|No migrations were applied. The database is already up to date.
2019-09-30 09:11:30.6034|INFO|Microsoft.AspNetCore.Mvc.Internal.ControllerActionInvoker|Executing action method CityInfo.API.Controllers.CitiesController.GetCities (CityInfo.API) with arguments ((null)) - ModelState is Valid
2019-09-30 09:11:30.6122|INFO|Microsoft.EntityFrameworkCore.Database.Command|Executed DbCommand (0ms) [Parameters=[], CommandType='Text', CommandTimeout='30']
SELECT [c].[Id], [c].[Description], [c].[Name]
FROM [Cities] AS [c]
ORDER BY [c].[Name]
2019-09-30 09:11:30.6122|INFO|Microsoft.AspNetCore.Mvc.Internal.ObjectResultExecutor|Executing ObjectResult, writing value Microsoft.AspNetCore.Mvc.ControllerContext.
2019-09-30 09:11:30.6291|INFO|Microsoft.AspNetCore.Mvc.Internal.ControllerActionInvoker|Executed action CityInfo.API.Controllers.CitiesController.GetCities (CityInfo.API) in 89.219ms
2019-09-30 09:11:30.6291|INFO|Microsoft.AspNetCore.Hosting.Internal.WebHost|Request finished in 117.1082ms 200 application/json; charset=utf-8
2019-09-30 09:38:34.3326|INFO|Microsoft.AspNetCore.Hosting.Internal.WebHost|Request starting HTTP/1.1 GET http://localhost:5000/api/cities/1/pointsofinterest  
2019-09-30 09:38:34.3326|INFO|Microsoft.AspNetCore.Cors.Infrastructure.CorsService|Policy execution successful.
2019-09-30 09:38:34.3645|INFO|Microsoft.EntityFrameworkCore.Infrastructure|Entity Framework Core 2.0.0-rtm-26452 initialized 'CityInfoContext' using provider 'Microsoft.EntityFrameworkCore.SqlServer' with options: None
2019-09-30 09:38:35.2088|INFO|Microsoft.EntityFrameworkCore.Database.Command|Executed DbCommand (6ms) [Parameters=[], CommandType='Text', CommandTimeout='30']
SELECT OBJECT_ID(N'__EFMigrationsHistory');
2019-09-30 09:38:35.2088|INFO|Microsoft.EntityFrameworkCore.Database.Command|Executed DbCommand (0ms) [Parameters=[], CommandType='Text', CommandTimeout='30']
SELECT OBJECT_ID(N'__EFMigrationsHistory');
2019-09-30 09:38:35.2275|INFO|Microsoft.EntityFrameworkCore.Database.Command|Executed DbCommand (1ms) [Parameters=[], CommandType='Text', CommandTimeout='30']
SELECT [MigrationId], [ProductVersion]
FROM [__EFMigrationsHistory]
ORDER BY [MigrationId];
2019-09-30 09:38:35.2353|INFO|Microsoft.EntityFrameworkCore.Migrations|No migrations were applied. The database is already up to date.
2019-09-30 09:38:35.2353|INFO|Microsoft.AspNetCore.Mvc.Internal.ControllerActionInvoker|Executing action method CityInfo.API.Controllers.PointsOfInterestController.GetPointsOfInterest (CityInfo.API) with arguments (1) - ModelState is Valid
2019-09-30 09:38:35.2553|INFO|Microsoft.EntityFrameworkCore.Database.Command|Executed DbCommand (3ms) [Parameters=[@__cityId_0='?'], CommandType='Text', CommandTimeout='30']
SELECT CASE
    WHEN EXISTS (
        SELECT 1
        FROM [Cities] AS [c]
        WHERE [c].[Id] = @__cityId_0)
    THEN CAST(1 AS BIT) ELSE CAST(0 AS BIT)
END
2019-09-30 09:38:35.2661|INFO|Microsoft.EntityFrameworkCore.Database.Command|Executed DbCommand (3ms) [Parameters=[@__cityId_0='?'], CommandType='Text', CommandTimeout='30']
SELECT [p].[Id], [p].[CityId], [p].[Description], [p].[Name]
FROM [PointsOfInterest] AS [p]
WHERE [p].[CityId] = @__cityId_0
2019-09-30 09:38:35.2661|INFO|Microsoft.AspNetCore.Mvc.Internal.ObjectResultExecutor|Executing ObjectResult, writing value Microsoft.AspNetCore.Mvc.ControllerContext.
2019-09-30 09:38:35.2816|INFO|Microsoft.AspNetCore.Mvc.Internal.ControllerActionInvoker|Executed action CityInfo.API.Controllers.PointsOfInterestController.GetPointsOfInterest (CityInfo.API) in 931.8715ms
2019-09-30 09:38:35.2816|INFO|Microsoft.AspNetCore.Hosting.Internal.WebHost|Request finished in 957.1909ms 200 application/json; charset=utf-8
2019-09-30 09:38:36.2237|INFO|Microsoft.AspNetCore.Hosting.Internal.WebHost|Request starting HTTP/1.1 GET http://localhost:5000/api/cities/1/pointsofinterest  
2019-09-30 09:38:36.2237|INFO|Microsoft.AspNetCore.Cors.Infrastructure.CorsService|Policy execution successful.
2019-09-30 09:38:36.2357|INFO|Microsoft.EntityFrameworkCore.Infrastructure|Entity Framework Core 2.0.0-rtm-26452 initialized 'CityInfoContext' using provider 'Microsoft.EntityFrameworkCore.SqlServer' with options: None
2019-09-30 09:38:36.2357|INFO|Microsoft.EntityFrameworkCore.Database.Command|Executed DbCommand (0ms) [Parameters=[], CommandType='Text', CommandTimeout='30']
SELECT OBJECT_ID(N'__EFMigrationsHistory');
2019-09-30 09:38:36.2357|INFO|Microsoft.EntityFrameworkCore.Database.Command|Executed DbCommand (0ms) [Parameters=[], CommandType='Text', CommandTimeout='30']
SELECT OBJECT_ID(N'__EFMigrationsHistory');
2019-09-30 09:38:36.2572|INFO|Microsoft.EntityFrameworkCore.Database.Command|Executed DbCommand (0ms) [Parameters=[], CommandType='Text', CommandTimeout='30']
SELECT [MigrationId], [ProductVersion]
FROM [__EFMigrationsHistory]
ORDER BY [MigrationId];
2019-09-30 09:38:36.2572|INFO|Microsoft.EntityFrameworkCore.Migrations|No migrations were applied. The database is already up to date.
2019-09-30 09:38:36.2694|INFO|Microsoft.AspNetCore.Mvc.Internal.ControllerActionInvoker|Executing action method CityInfo.API.Controllers.PointsOfInterestController.GetPointsOfInterest (CityInfo.API) with arguments (1) - ModelState is Valid
2019-09-30 09:38:36.2694|INFO|Microsoft.EntityFrameworkCore.Database.Command|Executed DbCommand (0ms) [Parameters=[@__cityId_0='?'], CommandType='Text', CommandTimeout='30']
SELECT CASE
    WHEN EXISTS (
        SELECT 1
        FROM [Cities] AS [c]
        WHERE [c].[Id] = @__cityId_0)
    THEN CAST(1 AS BIT) ELSE CAST(0 AS BIT)
END
2019-09-30 09:38:36.2834|INFO|Microsoft.EntityFrameworkCore.Database.Command|Executed DbCommand (0ms) [Parameters=[@__cityId_0='?'], CommandType='Text', CommandTimeout='30']
SELECT [p].[Id], [p].[CityId], [p].[Description], [p].[Name]
FROM [PointsOfInterest] AS [p]
WHERE [p].[CityId] = @__cityId_0
2019-09-30 09:38:36.2834|INFO|Microsoft.AspNetCore.Mvc.Internal.ObjectResultExecutor|Executing ObjectResult, writing value Microsoft.AspNetCore.Mvc.ControllerContext.
2019-09-30 09:38:36.2962|INFO|Microsoft.AspNetCore.Mvc.Internal.ControllerActionInvoker|Executed action CityInfo.API.Controllers.PointsOfInterestController.GetPointsOfInterest (CityInfo.API) in 60.3309ms
2019-09-30 09:38:36.2962|INFO|Microsoft.AspNetCore.Hosting.Internal.WebHost|Request finished in 80.7777ms 200 application/json; charset=utf-8
2019-09-30 09:38:38.1520|INFO|Microsoft.AspNetCore.Hosting.Internal.WebHost|Request starting HTTP/1.1 GET http://localhost:5000/api/cities/1/pointsofinterest  
2019-09-30 09:38:38.1597|INFO|Microsoft.AspNetCore.Cors.Infrastructure.CorsService|Policy execution successful.
2019-09-30 09:38:38.1597|INFO|Microsoft.EntityFrameworkCore.Infrastructure|Entity Framework Core 2.0.0-rtm-26452 initialized 'CityInfoContext' using provider 'Microsoft.EntityFrameworkCore.SqlServer' with options: None
2019-09-30 09:38:38.1739|INFO|Microsoft.EntityFrameworkCore.Database.Command|Executed DbCommand (0ms) [Parameters=[], CommandType='Text', CommandTimeout='30']
SELECT OBJECT_ID(N'__EFMigrationsHistory');
2019-09-30 09:38:38.1739|INFO|Microsoft.EntityFrameworkCore.Database.Command|Executed DbCommand (0ms) [Parameters=[], CommandType='Text', CommandTimeout='30']
SELECT OBJECT_ID(N'__EFMigrationsHistory');
2019-09-30 09:38:38.1885|INFO|Microsoft.EntityFrameworkCore.Database.Command|Executed DbCommand (0ms) [Parameters=[], CommandType='Text', CommandTimeout='30']
SELECT [MigrationId], [ProductVersion]
FROM [__EFMigrationsHistory]
ORDER BY [MigrationId];
2019-09-30 09:38:38.1885|INFO|Microsoft.EntityFrameworkCore.Migrations|No migrations were applied. The database is already up to date.
2019-09-30 09:38:38.1885|INFO|Microsoft.AspNetCore.Mvc.Internal.ControllerActionInvoker|Executing action method CityInfo.API.Controllers.PointsOfInterestController.GetPointsOfInterest (CityInfo.API) with arguments (1) - ModelState is Valid
2019-09-30 09:38:38.2076|INFO|Microsoft.EntityFrameworkCore.Database.Command|Executed DbCommand (0ms) [Parameters=[@__cityId_0='?'], CommandType='Text', CommandTimeout='30']
SELECT CASE
    WHEN EXISTS (
        SELECT 1
        FROM [Cities] AS [c]
        WHERE [c].[Id] = @__cityId_0)
    THEN CAST(1 AS BIT) ELSE CAST(0 AS BIT)
END
2019-09-30 09:38:38.2076|INFO|Microsoft.EntityFrameworkCore.Database.Command|Executed DbCommand (0ms) [Parameters=[@__cityId_0='?'], CommandType='Text', CommandTimeout='30']
SELECT [p].[Id], [p].[CityId], [p].[Description], [p].[Name]
FROM [PointsOfInterest] AS [p]
WHERE [p].[CityId] = @__cityId_0
2019-09-30 09:38:38.2210|INFO|Microsoft.AspNetCore.Mvc.Internal.ObjectResultExecutor|Executing ObjectResult, writing value Microsoft.AspNetCore.Mvc.ControllerContext.
2019-09-30 09:38:38.2210|INFO|Microsoft.AspNetCore.Mvc.Internal.ControllerActionInvoker|Executed action CityInfo.API.Controllers.PointsOfInterestController.GetPointsOfInterest (CityInfo.API) in 61.2745ms
2019-09-30 09:38:38.2210|INFO|Microsoft.AspNetCore.Hosting.Internal.WebHost|Request finished in 81.4326ms 200 application/json; charset=utf-8
2019-09-30 09:38:39.9930|INFO|Microsoft.AspNetCore.Hosting.Internal.WebHost|Request starting HTTP/1.1 GET http://localhost:5000/api/cities/1/pointsofinterest  
2019-09-30 09:38:39.9930|INFO|Microsoft.AspNetCore.Cors.Infrastructure.CorsService|Policy execution successful.
2019-09-30 09:38:40.0077|INFO|Microsoft.EntityFrameworkCore.Infrastructure|Entity Framework Core 2.0.0-rtm-26452 initialized 'CityInfoContext' using provider 'Microsoft.EntityFrameworkCore.SqlServer' with options: None
2019-09-30 09:38:40.0077|INFO|Microsoft.EntityFrameworkCore.Database.Command|Executed DbCommand (0ms) [Parameters=[], CommandType='Text', CommandTimeout='30']
SELECT OBJECT_ID(N'__EFMigrationsHistory');
2019-09-30 09:38:40.0230|INFO|Microsoft.EntityFrameworkCore.Database.Command|Executed DbCommand (0ms) [Parameters=[], CommandType='Text', CommandTimeout='30']
SELECT OBJECT_ID(N'__EFMigrationsHistory');
2019-09-30 09:38:40.0230|INFO|Microsoft.EntityFrameworkCore.Database.Command|Executed DbCommand (0ms) [Parameters=[], CommandType='Text', CommandTimeout='30']
SELECT [MigrationId], [ProductVersion]
FROM [__EFMigrationsHistory]
ORDER BY [MigrationId];
2019-09-30 09:38:40.0358|INFO|Microsoft.EntityFrameworkCore.Migrations|No migrations were applied. The database is already up to date.
2019-09-30 09:38:40.0358|INFO|Microsoft.AspNetCore.Mvc.Internal.ControllerActionInvoker|Executing action method CityInfo.API.Controllers.PointsOfInterestController.GetPointsOfInterest (CityInfo.API) with arguments (1) - ModelState is Valid
2019-09-30 09:38:40.0506|INFO|Microsoft.EntityFrameworkCore.Database.Command|Executed DbCommand (0ms) [Parameters=[@__cityId_0='?'], CommandType='Text', CommandTimeout='30']
SELECT CASE
    WHEN EXISTS (
        SELECT 1
        FROM [Cities] AS [c]
        WHERE [c].[Id] = @__cityId_0)
    THEN CAST(1 AS BIT) ELSE CAST(0 AS BIT)
END
2019-09-30 09:38:40.0831|INFO|Microsoft.EntityFrameworkCore.Database.Command|Executed DbCommand (0ms) [Parameters=[@__cityId_0='?'], CommandType='Text', CommandTimeout='30']
SELECT [p].[Id], [p].[CityId], [p].[Description], [p].[Name]
FROM [PointsOfInterest] AS [p]
WHERE [p].[CityId] = @__cityId_0
2019-09-30 09:38:40.0831|INFO|Microsoft.AspNetCore.Mvc.Internal.ObjectResultExecutor|Executing ObjectResult, writing value Microsoft.AspNetCore.Mvc.ControllerContext.
2019-09-30 09:38:40.0953|INFO|Microsoft.AspNetCore.Mvc.Internal.ControllerActionInvoker|Executed action CityInfo.API.Controllers.PointsOfInterestController.GetPointsOfInterest (CityInfo.API) in 89.6146ms
2019-09-30 09:38:40.0953|INFO|Microsoft.AspNetCore.Hosting.Internal.WebHost|Request finished in 107.8874ms 200 application/json; charset=utf-8
2019-09-30 09:38:44.2264|INFO|Microsoft.AspNetCore.Hosting.Internal.WebHost|Request starting HTTP/1.1 GET http://localhost:5000/api/cities/5/pointsofinterest  
2019-09-30 09:38:44.2264|INFO|Microsoft.AspNetCore.Cors.Infrastructure.CorsService|Policy execution successful.
2019-09-30 09:38:44.2397|INFO|Microsoft.EntityFrameworkCore.Infrastructure|Entity Framework Core 2.0.0-rtm-26452 initialized 'CityInfoContext' using provider 'Microsoft.EntityFrameworkCore.SqlServer' with options: None
2019-09-30 09:38:44.2397|INFO|Microsoft.EntityFrameworkCore.Database.Command|Executed DbCommand (0ms) [Parameters=[], CommandType='Text', CommandTimeout='30']
SELECT OBJECT_ID(N'__EFMigrationsHistory');
2019-09-30 09:38:44.2535|INFO|Microsoft.EntityFrameworkCore.Database.Command|Executed DbCommand (0ms) [Parameters=[], CommandType='Text', CommandTimeout='30']
SELECT OBJECT_ID(N'__EFMigrationsHistory');
2019-09-30 09:38:44.2535|INFO|Microsoft.EntityFrameworkCore.Database.Command|Executed DbCommand (0ms) [Parameters=[], CommandType='Text', CommandTimeout='30']
SELECT [MigrationId], [ProductVersion]
FROM [__EFMigrationsHistory]
ORDER BY [MigrationId];
2019-09-30 09:38:44.2535|INFO|Microsoft.EntityFrameworkCore.Migrations|No migrations were applied. The database is already up to date.
2019-09-30 09:38:44.2707|INFO|Microsoft.AspNetCore.Mvc.Internal.ControllerActionInvoker|Executing action method CityInfo.API.Controllers.PointsOfInterestController.GetPointsOfInterest (CityInfo.API) with arguments (5) - ModelState is Valid
2019-09-30 09:38:44.2707|INFO|Microsoft.EntityFrameworkCore.Database.Command|Executed DbCommand (0ms) [Parameters=[@__cityId_0='?'], CommandType='Text', CommandTimeout='30']
SELECT CASE
    WHEN EXISTS (
        SELECT 1
        FROM [Cities] AS [c]
        WHERE [c].[Id] = @__cityId_0)
    THEN CAST(1 AS BIT) ELSE CAST(0 AS BIT)
END
2019-09-30 09:38:44.2824|INFO|Microsoft.EntityFrameworkCore.Database.Command|Executed DbCommand (0ms) [Parameters=[@__cityId_0='?'], CommandType='Text', CommandTimeout='30']
SELECT [p].[Id], [p].[CityId], [p].[Description], [p].[Name]
FROM [PointsOfInterest] AS [p]
WHERE [p].[CityId] = @__cityId_0
2019-09-30 09:38:44.2824|INFO|Microsoft.AspNetCore.Mvc.Internal.ObjectResultExecutor|Executing ObjectResult, writing value Microsoft.AspNetCore.Mvc.ControllerContext.
2019-09-30 09:38:44.2824|INFO|Microsoft.AspNetCore.Mvc.Internal.ControllerActionInvoker|Executed action CityInfo.API.Controllers.PointsOfInterestController.GetPointsOfInterest (CityInfo.API) in 57.2289ms
2019-09-30 09:38:44.3021|INFO|Microsoft.AspNetCore.Hosting.Internal.WebHost|Request finished in 76.096ms 200 application/json; charset=utf-8
2019-09-30 09:38:49.0790|INFO|Microsoft.AspNetCore.Hosting.Internal.WebHost|Request starting HTTP/1.1 GET http://localhost:5000/api/cities/5/pointsofinterest  
2019-09-30 09:38:49.0790|INFO|Microsoft.AspNetCore.Cors.Infrastructure.CorsService|Policy execution successful.
2019-09-30 09:38:49.0790|INFO|Microsoft.EntityFrameworkCore.Infrastructure|Entity Framework Core 2.0.0-rtm-26452 initialized 'CityInfoContext' using provider 'Microsoft.EntityFrameworkCore.SqlServer' with options: None
2019-09-30 09:38:49.0995|INFO|Microsoft.EntityFrameworkCore.Database.Command|Executed DbCommand (0ms) [Parameters=[], CommandType='Text', CommandTimeout='30']
SELECT OBJECT_ID(N'__EFMigrationsHistory');
2019-09-30 09:38:49.0995|INFO|Microsoft.EntityFrameworkCore.Database.Command|Executed DbCommand (0ms) [Parameters=[], CommandType='Text', CommandTimeout='30']
SELECT OBJECT_ID(N'__EFMigrationsHistory');
2019-09-30 09:38:49.1125|INFO|Microsoft.EntityFrameworkCore.Database.Command|Executed DbCommand (0ms) [Parameters=[], CommandType='Text', CommandTimeout='30']
SELECT [MigrationId], [ProductVersion]
FROM [__EFMigrationsHistory]
ORDER BY [MigrationId];
2019-09-30 09:38:49.1125|INFO|Microsoft.EntityFrameworkCore.Migrations|No migrations were applied. The database is already up to date.
2019-09-30 09:38:49.1258|INFO|Microsoft.AspNetCore.Mvc.Internal.ControllerActionInvoker|Executing action method CityInfo.API.Controllers.PointsOfInterestController.GetPointsOfInterest (CityInfo.API) with arguments (5) - ModelState is Valid
2019-09-30 09:38:49.1258|INFO|Microsoft.EntityFrameworkCore.Database.Command|Executed DbCommand (0ms) [Parameters=[@__cityId_0='?'], CommandType='Text', CommandTimeout='30']
SELECT CASE
    WHEN EXISTS (
        SELECT 1
        FROM [Cities] AS [c]
        WHERE [c].[Id] = @__cityId_0)
    THEN CAST(1 AS BIT) ELSE CAST(0 AS BIT)
END
2019-09-30 09:38:49.1408|INFO|Microsoft.EntityFrameworkCore.Database.Command|Executed DbCommand (0ms) [Parameters=[@__cityId_0='?'], CommandType='Text', CommandTimeout='30']
SELECT [p].[Id], [p].[CityId], [p].[Description], [p].[Name]
FROM [PointsOfInterest] AS [p]
WHERE [p].[CityId] = @__cityId_0
2019-09-30 09:38:49.1408|INFO|Microsoft.AspNetCore.Mvc.Internal.ObjectResultExecutor|Executing ObjectResult, writing value Microsoft.AspNetCore.Mvc.ControllerContext.
2019-09-30 09:38:49.1408|INFO|Microsoft.AspNetCore.Mvc.Internal.ControllerActionInvoker|Executed action CityInfo.API.Controllers.PointsOfInterestController.GetPointsOfInterest (CityInfo.API) in 61.606ms
2019-09-30 09:38:49.1622|INFO|Microsoft.AspNetCore.Hosting.Internal.WebHost|Request finished in 81.6875ms 200 application/json; charset=utf-8
2019-09-30 14:15:39.0711|INFO|Microsoft.AspNetCore.Hosting.Internal.WebHost|Request starting HTTP/1.1 GET http://localhost:5000/api/cities/5/pointsofinterest  
2019-09-30 14:15:39.0800|INFO|Microsoft.AspNetCore.Cors.Infrastructure.CorsService|Policy execution successful.
2019-09-30 14:15:39.0955|INFO|Microsoft.EntityFrameworkCore.Infrastructure|Entity Framework Core 2.0.0-rtm-26452 initialized 'CityInfoContext' using provider 'Microsoft.EntityFrameworkCore.SqlServer' with options: None
2019-09-30 14:15:40.0774|INFO|Microsoft.EntityFrameworkCore.Database.Command|Executed DbCommand (5ms) [Parameters=[], CommandType='Text', CommandTimeout='30']
SELECT OBJECT_ID(N'__EFMigrationsHistory');
2019-09-30 14:15:40.0849|INFO|Microsoft.EntityFrameworkCore.Database.Command|Executed DbCommand (0ms) [Parameters=[], CommandType='Text', CommandTimeout='30']
SELECT OBJECT_ID(N'__EFMigrationsHistory');
2019-09-30 14:15:40.0932|INFO|Microsoft.EntityFrameworkCore.Database.Command|Executed DbCommand (1ms) [Parameters=[], CommandType='Text', CommandTimeout='30']
SELECT [MigrationId], [ProductVersion]
FROM [__EFMigrationsHistory]
ORDER BY [MigrationId];
2019-09-30 14:15:40.0932|INFO|Microsoft.EntityFrameworkCore.Migrations|No migrations were applied. The database is already up to date.
2019-09-30 14:15:40.0932|INFO|Microsoft.AspNetCore.Mvc.Internal.ControllerActionInvoker|Executing action method CityInfo.API.Controllers.PointsOfInterestController.GetPointsOfInterest (CityInfo.API) with arguments (5) - ModelState is Valid
2019-09-30 14:15:40.1258|INFO|Microsoft.EntityFrameworkCore.Database.Command|Executed DbCommand (11ms) [Parameters=[@__cityId_0='?'], CommandType='Text', CommandTimeout='30']
SELECT CASE
    WHEN EXISTS (
        SELECT 1
        FROM [Cities] AS [c]
        WHERE [c].[Id] = @__cityId_0)
    THEN CAST(1 AS BIT) ELSE CAST(0 AS BIT)
END
2019-09-30 14:15:40.1258|INFO|Microsoft.EntityFrameworkCore.Database.Command|Executed DbCommand (4ms) [Parameters=[@__cityId_0='?'], CommandType='Text', CommandTimeout='30']
SELECT [p].[Id], [p].[CityId], [p].[Description], [p].[Name]
FROM [PointsOfInterest] AS [p]
WHERE [p].[CityId] = @__cityId_0
2019-09-30 14:15:40.1465|INFO|Microsoft.AspNetCore.Mvc.Internal.ObjectResultExecutor|Executing ObjectResult, writing value Microsoft.AspNetCore.Mvc.ControllerContext.
2019-09-30 14:15:40.1465|INFO|Microsoft.AspNetCore.Mvc.Internal.ControllerActionInvoker|Executed action CityInfo.API.Controllers.PointsOfInterestController.GetPointsOfInterest (CityInfo.API) in 1065.0078ms
2019-09-30 14:15:40.1604|INFO|Microsoft.AspNetCore.Hosting.Internal.WebHost|Request finished in 1086.8963ms 200 application/json; charset=utf-8
2019-09-30 14:15:40.4812|INFO|Microsoft.AspNetCore.Hosting.Internal.WebHost|Request starting HTTP/1.1 GET http://localhost:5000/api/cities/5/pointsofinterest  
2019-09-30 14:15:40.4866|INFO|Microsoft.AspNetCore.Cors.Infrastructure.CorsService|Policy execution successful.
2019-09-30 14:15:40.4866|INFO|Microsoft.EntityFrameworkCore.Infrastructure|Entity Framework Core 2.0.0-rtm-26452 initialized 'CityInfoContext' using provider 'Microsoft.EntityFrameworkCore.SqlServer' with options: None
2019-09-30 14:15:40.4866|INFO|Microsoft.EntityFrameworkCore.Database.Command|Executed DbCommand (0ms) [Parameters=[], CommandType='Text', CommandTimeout='30']
SELECT OBJECT_ID(N'__EFMigrationsHistory');
2019-09-30 14:15:40.5035|INFO|Microsoft.EntityFrameworkCore.Database.Command|Executed DbCommand (0ms) [Parameters=[], CommandType='Text', CommandTimeout='30']
SELECT OBJECT_ID(N'__EFMigrationsHistory');
2019-09-30 14:15:40.5035|INFO|Microsoft.EntityFrameworkCore.Database.Command|Executed DbCommand (0ms) [Parameters=[], CommandType='Text', CommandTimeout='30']
SELECT [MigrationId], [ProductVersion]
FROM [__EFMigrationsHistory]
ORDER BY [MigrationId];
2019-09-30 14:15:40.5035|INFO|Microsoft.EntityFrameworkCore.Migrations|No migrations were applied. The database is already up to date.
2019-09-30 14:15:40.5194|INFO|Microsoft.AspNetCore.Mvc.Internal.ControllerActionInvoker|Executing action method CityInfo.API.Controllers.PointsOfInterestController.GetPointsOfInterest (CityInfo.API) with arguments (5) - ModelState is Valid
2019-09-30 14:15:40.5194|INFO|Microsoft.EntityFrameworkCore.Database.Command|Executed DbCommand (0ms) [Parameters=[@__cityId_0='?'], CommandType='Text', CommandTimeout='30']
SELECT CASE
    WHEN EXISTS (
        SELECT 1
        FROM [Cities] AS [c]
        WHERE [c].[Id] = @__cityId_0)
    THEN CAST(1 AS BIT) ELSE CAST(0 AS BIT)
END
2019-09-30 14:15:40.5194|INFO|Microsoft.EntityFrameworkCore.Database.Command|Executed DbCommand (0ms) [Parameters=[@__cityId_0='?'], CommandType='Text', CommandTimeout='30']
SELECT [p].[Id], [p].[CityId], [p].[Description], [p].[Name]
FROM [PointsOfInterest] AS [p]
WHERE [p].[CityId] = @__cityId_0
2019-09-30 14:15:40.5194|INFO|Microsoft.AspNetCore.Mvc.Internal.ObjectResultExecutor|Executing ObjectResult, writing value Microsoft.AspNetCore.Mvc.ControllerContext.
2019-09-30 14:15:40.5420|INFO|Microsoft.AspNetCore.Mvc.Internal.ControllerActionInvoker|Executed action CityInfo.API.Controllers.PointsOfInterestController.GetPointsOfInterest (CityInfo.API) in 48.9096ms
2019-09-30 14:15:40.5493|INFO|Microsoft.AspNetCore.Hosting.Internal.WebHost|Request finished in 66.0834ms 200 application/json; charset=utf-8
2019-09-30 14:15:53.5962|INFO|Microsoft.AspNetCore.Hosting.Internal.WebHost|Request starting HTTP/1.1 GET http://localhost:5000/api/cities/5/pointsofinterest  
2019-09-30 14:15:53.5962|INFO|Microsoft.AspNetCore.Cors.Infrastructure.CorsService|Policy execution successful.
2019-09-30 14:15:53.6120|INFO|Microsoft.EntityFrameworkCore.Infrastructure|Entity Framework Core 2.0.0-rtm-26452 initialized 'CityInfoContext' using provider 'Microsoft.EntityFrameworkCore.SqlServer' with options: None
2019-09-30 14:15:53.6120|INFO|Microsoft.EntityFrameworkCore.Database.Command|Executed DbCommand (0ms) [Parameters=[], CommandType='Text', CommandTimeout='30']
SELECT OBJECT_ID(N'__EFMigrationsHistory');
2019-09-30 14:15:53.6252|INFO|Microsoft.EntityFrameworkCore.Database.Command|Executed DbCommand (0ms) [Parameters=[], CommandType='Text', CommandTimeout='30']
SELECT OBJECT_ID(N'__EFMigrationsHistory');
2019-09-30 14:15:53.6252|INFO|Microsoft.EntityFrameworkCore.Database.Command|Executed DbCommand (0ms) [Parameters=[], CommandType='Text', CommandTimeout='30']
SELECT [MigrationId], [ProductVersion]
FROM [__EFMigrationsHistory]
ORDER BY [MigrationId];
2019-09-30 14:15:53.6252|INFO|Microsoft.EntityFrameworkCore.Migrations|No migrations were applied. The database is already up to date.
2019-09-30 14:15:53.6473|INFO|Microsoft.AspNetCore.Mvc.Internal.ControllerActionInvoker|Executing action method CityInfo.API.Controllers.PointsOfInterestController.GetPointsOfInterest (CityInfo.API) with arguments (5) - ModelState is Valid
2019-09-30 14:15:53.6473|INFO|Microsoft.EntityFrameworkCore.Database.Command|Executed DbCommand (0ms) [Parameters=[@__cityId_0='?'], CommandType='Text', CommandTimeout='30']
SELECT CASE
    WHEN EXISTS (
        SELECT 1
        FROM [Cities] AS [c]
        WHERE [c].[Id] = @__cityId_0)
    THEN CAST(1 AS BIT) ELSE CAST(0 AS BIT)
END
2019-09-30 14:15:53.6604|INFO|Microsoft.EntityFrameworkCore.Database.Command|Executed DbCommand (0ms) [Parameters=[@__cityId_0='?'], CommandType='Text', CommandTimeout='30']
SELECT [p].[Id], [p].[CityId], [p].[Description], [p].[Name]
FROM [PointsOfInterest] AS [p]
WHERE [p].[CityId] = @__cityId_0
2019-09-30 14:15:53.6604|INFO|Microsoft.AspNetCore.Mvc.Internal.ObjectResultExecutor|Executing ObjectResult, writing value Microsoft.AspNetCore.Mvc.ControllerContext.
2019-09-30 14:15:53.6731|INFO|Microsoft.AspNetCore.Mvc.Internal.ControllerActionInvoker|Executed action CityInfo.API.Controllers.PointsOfInterestController.GetPointsOfInterest (CityInfo.API) in 64.1311ms
2019-09-30 14:15:53.6731|INFO|Microsoft.AspNetCore.Hosting.Internal.WebHost|Request finished in 86.0039ms 200 application/json; charset=utf-8
2019-09-30 14:20:29.5711|INFO|Microsoft.AspNetCore.Hosting.Internal.WebHost|Request starting HTTP/1.1 GET http://localhost:5000/api/cities/1/pointsofinterest  
2019-09-30 14:20:29.5791|INFO|Microsoft.AspNetCore.Cors.Infrastructure.CorsService|Policy execution successful.
2019-09-30 14:20:29.5791|INFO|Microsoft.EntityFrameworkCore.Infrastructure|Entity Framework Core 2.0.0-rtm-26452 initialized 'CityInfoContext' using provider 'Microsoft.EntityFrameworkCore.SqlServer' with options: None
2019-09-30 14:20:29.5997|INFO|Microsoft.EntityFrameworkCore.Database.Command|Executed DbCommand (0ms) [Parameters=[], CommandType='Text', CommandTimeout='30']
SELECT OBJECT_ID(N'__EFMigrationsHistory');
2019-09-30 14:20:29.5997|INFO|Microsoft.EntityFrameworkCore.Database.Command|Executed DbCommand (0ms) [Parameters=[], CommandType='Text', CommandTimeout='30']
SELECT OBJECT_ID(N'__EFMigrationsHistory');
2019-09-30 14:20:29.6131|INFO|Microsoft.EntityFrameworkCore.Database.Command|Executed DbCommand (0ms) [Parameters=[], CommandType='Text', CommandTimeout='30']
SELECT [MigrationId], [ProductVersion]
FROM [__EFMigrationsHistory]
ORDER BY [MigrationId];
2019-09-30 14:20:29.6131|INFO|Microsoft.EntityFrameworkCore.Migrations|No migrations were applied. The database is already up to date.
2019-09-30 14:20:29.6245|INFO|Microsoft.AspNetCore.Mvc.Internal.ControllerActionInvoker|Executing action method CityInfo.API.Controllers.PointsOfInterestController.GetPointsOfInterest (CityInfo.API) with arguments (1) - ModelState is Valid
2019-09-30 14:20:29.6245|INFO|Microsoft.EntityFrameworkCore.Database.Command|Executed DbCommand (0ms) [Parameters=[@__cityId_0='?'], CommandType='Text', CommandTimeout='30']
SELECT CASE
    WHEN EXISTS (
        SELECT 1
        FROM [Cities] AS [c]
        WHERE [c].[Id] = @__cityId_0)
    THEN CAST(1 AS BIT) ELSE CAST(0 AS BIT)
END
2019-09-30 14:20:29.6245|INFO|Microsoft.EntityFrameworkCore.Database.Command|Executed DbCommand (0ms) [Parameters=[@__cityId_0='?'], CommandType='Text', CommandTimeout='30']
SELECT [p].[Id], [p].[CityId], [p].[Description], [p].[Name]
FROM [PointsOfInterest] AS [p]
WHERE [p].[CityId] = @__cityId_0
2019-09-30 14:20:29.6452|INFO|Microsoft.AspNetCore.Mvc.Internal.ObjectResultExecutor|Executing ObjectResult, writing value Microsoft.AspNetCore.Mvc.ControllerContext.
2019-09-30 14:20:29.6452|INFO|Microsoft.AspNetCore.Mvc.Internal.ControllerActionInvoker|Executed action CityInfo.API.Controllers.PointsOfInterestController.GetPointsOfInterest (CityInfo.API) in 64.9462ms
2019-09-30 14:20:29.6571|INFO|Microsoft.AspNetCore.Hosting.Internal.WebHost|Request finished in 84.5595ms 200 application/json; charset=utf-8
2019-09-30 14:22:41.0382|INFO|Microsoft.AspNetCore.Hosting.Internal.WebHost|Request starting HTTP/1.1 GET http://localhost:5000/api/cities/4/pointsofinterest  
2019-09-30 14:22:41.0507|INFO|Microsoft.AspNetCore.Cors.Infrastructure.CorsService|Policy execution successful.
2019-09-30 14:22:41.0507|INFO|Microsoft.EntityFrameworkCore.Infrastructure|Entity Framework Core 2.0.0-rtm-26452 initialized 'CityInfoContext' using provider 'Microsoft.EntityFrameworkCore.SqlServer' with options: None
2019-09-30 14:22:41.0641|INFO|Microsoft.EntityFrameworkCore.Database.Command|Executed DbCommand (0ms) [Parameters=[], CommandType='Text', CommandTimeout='30']
SELECT OBJECT_ID(N'__EFMigrationsHistory');
2019-09-30 14:22:41.0641|INFO|Microsoft.EntityFrameworkCore.Database.Command|Executed DbCommand (2ms) [Parameters=[], CommandType='Text', CommandTimeout='30']
SELECT OBJECT_ID(N'__EFMigrationsHistory');
2019-09-30 14:22:41.0799|INFO|Microsoft.EntityFrameworkCore.Database.Command|Executed DbCommand (0ms) [Parameters=[], CommandType='Text', CommandTimeout='30']
SELECT [MigrationId], [ProductVersion]
FROM [__EFMigrationsHistory]
ORDER BY [MigrationId];
2019-09-30 14:22:41.0799|INFO|Microsoft.EntityFrameworkCore.Migrations|No migrations were applied. The database is already up to date.
2019-09-30 14:22:41.0799|INFO|Microsoft.AspNetCore.Mvc.Internal.ControllerActionInvoker|Executing action method CityInfo.API.Controllers.PointsOfInterestController.GetPointsOfInterest (CityInfo.API) with arguments (4) - ModelState is Valid
2019-09-30 14:22:41.1000|INFO|Microsoft.EntityFrameworkCore.Database.Command|Executed DbCommand (0ms) [Parameters=[@__cityId_0='?'], CommandType='Text', CommandTimeout='30']
SELECT CASE
    WHEN EXISTS (
        SELECT 1
        FROM [Cities] AS [c]
        WHERE [c].[Id] = @__cityId_0)
    THEN CAST(1 AS BIT) ELSE CAST(0 AS BIT)
END
2019-09-30 14:22:41.1000|INFO|Microsoft.EntityFrameworkCore.Database.Command|Executed DbCommand (0ms) [Parameters=[@__cityId_0='?'], CommandType='Text', CommandTimeout='30']
SELECT [p].[Id], [p].[CityId], [p].[Description], [p].[Name]
FROM [PointsOfInterest] AS [p]
WHERE [p].[CityId] = @__cityId_0
2019-09-30 14:22:41.1135|INFO|Microsoft.AspNetCore.Mvc.Internal.ObjectResultExecutor|Executing ObjectResult, writing value Microsoft.AspNetCore.Mvc.ControllerContext.
2019-09-30 14:22:41.1135|INFO|Microsoft.AspNetCore.Mvc.Internal.ControllerActionInvoker|Executed action CityInfo.API.Controllers.PointsOfInterestController.GetPointsOfInterest (CityInfo.API) in 63.1693ms
2019-09-30 14:22:41.1267|INFO|Microsoft.AspNetCore.Hosting.Internal.WebHost|Request finished in 87.5413ms 200 application/json; charset=utf-8
2019-09-30 14:22:45.2615|INFO|Microsoft.AspNetCore.Hosting.Internal.WebHost|Request starting HTTP/1.1 GET http://localhost:5000/api/cities/1/pointsofinterest  
2019-09-30 14:22:45.2684|INFO|Microsoft.AspNetCore.Cors.Infrastructure.CorsService|Policy execution successful.
2019-09-30 14:22:45.2684|INFO|Microsoft.EntityFrameworkCore.Infrastructure|Entity Framework Core 2.0.0-rtm-26452 initialized 'CityInfoContext' using provider 'Microsoft.EntityFrameworkCore.SqlServer' with options: None
2019-09-30 14:22:45.2820|INFO|Microsoft.EntityFrameworkCore.Database.Command|Executed DbCommand (0ms) [Parameters=[], CommandType='Text', CommandTimeout='30']
SELECT OBJECT_ID(N'__EFMigrationsHistory');
2019-09-30 14:22:45.2820|INFO|Microsoft.EntityFrameworkCore.Database.Command|Executed DbCommand (0ms) [Parameters=[], CommandType='Text', CommandTimeout='30']
SELECT OBJECT_ID(N'__EFMigrationsHistory');
2019-09-30 14:22:45.2970|INFO|Microsoft.EntityFrameworkCore.Database.Command|Executed DbCommand (0ms) [Parameters=[], CommandType='Text', CommandTimeout='30']
SELECT [MigrationId], [ProductVersion]
FROM [__EFMigrationsHistory]
ORDER BY [MigrationId];
2019-09-30 14:22:45.2970|INFO|Microsoft.EntityFrameworkCore.Migrations|No migrations were applied. The database is already up to date.
2019-09-30 14:22:45.2970|INFO|Microsoft.AspNetCore.Mvc.Internal.ControllerActionInvoker|Executing action method CityInfo.API.Controllers.PointsOfInterestController.GetPointsOfInterest (CityInfo.API) with arguments (1) - ModelState is Valid
2019-09-30 14:22:45.3164|INFO|Microsoft.EntityFrameworkCore.Database.Command|Executed DbCommand (0ms) [Parameters=[@__cityId_0='?'], CommandType='Text', CommandTimeout='30']
SELECT CASE
    WHEN EXISTS (
        SELECT 1
        FROM [Cities] AS [c]
        WHERE [c].[Id] = @__cityId_0)
    THEN CAST(1 AS BIT) ELSE CAST(0 AS BIT)
END
2019-09-30 14:22:45.3164|INFO|Microsoft.EntityFrameworkCore.Database.Command|Executed DbCommand (0ms) [Parameters=[@__cityId_0='?'], CommandType='Text', CommandTimeout='30']
SELECT [p].[Id], [p].[CityId], [p].[Description], [p].[Name]
FROM [PointsOfInterest] AS [p]
WHERE [p].[CityId] = @__cityId_0
2019-09-30 14:22:45.3284|INFO|Microsoft.AspNetCore.Mvc.Internal.ObjectResultExecutor|Executing ObjectResult, writing value Microsoft.AspNetCore.Mvc.ControllerContext.
2019-09-30 14:22:45.3284|INFO|Microsoft.AspNetCore.Mvc.Internal.ControllerActionInvoker|Executed action CityInfo.API.Controllers.PointsOfInterestController.GetPointsOfInterest (CityInfo.API) in 60.2044ms
2019-09-30 14:22:45.3284|INFO|Microsoft.AspNetCore.Hosting.Internal.WebHost|Request finished in 80.5815ms 200 application/json; charset=utf-8
2019-09-30 16:29:06.1435|INFO|Microsoft.EntityFrameworkCore.Database.Command|Executed DbCommand (2ms) [Parameters=[], CommandType='Text', CommandTimeout='30']
SELECT CASE
    WHEN EXISTS (
        SELECT 1
        FROM [Cities] AS [c])
    THEN CAST(1 AS BIT) ELSE CAST(0 AS BIT)
END
2019-09-30 16:29:10.4355|INFO|Microsoft.AspNetCore.Hosting.Internal.WebHost|Request starting HTTP/1.1 GET http://localhost:5000/  
2019-09-30 16:29:11.7746|INFO|Microsoft.AspNetCore.Hosting.Internal.WebHost|Request finished in 1371.96ms 404 text/plain
2019-09-30 16:29:16.8723|INFO|Microsoft.AspNetCore.Hosting.Internal.WebHost|Request starting HTTP/1.1 GET http://localhost:5000/api/cities  
2019-09-30 16:29:16.9191|INFO|Microsoft.AspNetCore.Cors.Infrastructure.CorsService|Policy execution successful.
2019-09-30 16:29:17.3286|INFO|Microsoft.EntityFrameworkCore.Infrastructure|Entity Framework Core 2.0.0-rtm-26452 initialized 'CityInfoContext' using provider 'Microsoft.EntityFrameworkCore.SqlServer' with options: None
2019-09-30 16:29:17.5841|INFO|Microsoft.EntityFrameworkCore.Database.Command|Executed DbCommand (29ms) [Parameters=[], CommandType='Text', CommandTimeout='30']
SELECT OBJECT_ID(N'__EFMigrationsHistory');
2019-09-30 16:29:17.5971|INFO|Microsoft.EntityFrameworkCore.Database.Command|Executed DbCommand (0ms) [Parameters=[], CommandType='Text', CommandTimeout='30']
SELECT OBJECT_ID(N'__EFMigrationsHistory');
2019-09-30 16:29:17.5971|INFO|Microsoft.EntityFrameworkCore.Database.Command|Executed DbCommand (0ms) [Parameters=[], CommandType='Text', CommandTimeout='30']
SELECT [MigrationId], [ProductVersion]
FROM [__EFMigrationsHistory]
ORDER BY [MigrationId];
2019-09-30 16:29:17.6176|INFO|Microsoft.EntityFrameworkCore.Migrations|No migrations were applied. The database is already up to date.
2019-09-30 16:29:17.6753|INFO|Microsoft.AspNetCore.Mvc.Internal.ControllerActionInvoker|Executing action method CityInfo.API.Controllers.CitiesController.GetCities (CityInfo.API) with arguments ((null)) - ModelState is Valid
2019-09-30 16:29:17.8082|INFO|Microsoft.EntityFrameworkCore.Database.Command|Executed DbCommand (0ms) [Parameters=[], CommandType='Text', CommandTimeout='30']
SELECT [c].[Id], [c].[Description], [c].[Name]
FROM [Cities] AS [c]
ORDER BY [c].[Name]
2019-09-30 16:29:17.9285|INFO|Microsoft.AspNetCore.Mvc.Internal.ObjectResultExecutor|Executing ObjectResult, writing value Microsoft.AspNetCore.Mvc.ControllerContext.
2019-09-30 16:29:18.3206|INFO|Microsoft.AspNetCore.Mvc.Internal.ControllerActionInvoker|Executed action CityInfo.API.Controllers.CitiesController.GetCities (CityInfo.API) in 1108.3448ms
2019-09-30 16:29:18.3206|INFO|Microsoft.AspNetCore.Hosting.Internal.WebHost|Request finished in 1455.9539ms 200 application/json; charset=utf-8
